[
  {
    "line": 2,
    "elements": [
      {
        "start_timestamp": "2021-11-13T12:59:23.144Z",
        "line": 19,
        "name": "Login Successful scenario outline",
        "description": "",
        "id": "login-functionality;login-successful-scenario-outline;;2",
        "type": "scenario",
        "keyword": "Scenario Outline",
        "steps": [
          {
            "result": {
              "error_message": "org.openqa.selenium.SessionNotCreatedException: session not created\nfrom disconnected: received Inspector.detached event\n  (Session info: chrome\u003d95.0.4638.69)\nBuild info: version: \u00273.141.59\u0027, revision: \u0027e82be7d358\u0027, time: \u00272018-11-14T08:17:03\u0027\nSystem info: host: \u0027DESKTOP-5F9RKDF\u0027, ip: \u0027192.168.1.7\u0027, os.name: \u0027Windows 10\u0027, os.arch: \u0027amd64\u0027, os.version: \u002710.0\u0027, java.version: \u002711.0.3\u0027\nDriver info: driver.version: ChromeDriver\nremote stacktrace: Backtrace:\n\tOrdinal0 [0x00500C43+2493507]\n\tOrdinal0 [0x0049A4B1+2073777]\n\tOrdinal0 [0x003A2608+1058312]\n\tOrdinal0 [0x00395A34+1006132]\n\tOrdinal0 [0x00395676+1005174]\n\tOrdinal0 [0x00394D48+1002824]\n\tOrdinal0 [0x00393EDD+999133]\n\tOrdinal0 [0x00394196+999830]\n\tOrdinal0 [0x00393A85+998021]\n\tOrdinal0 [0x0039E714+1042196]\n\tOrdinal0 [0x00393A41+997953]\n\tOrdinal0 [0x00394966+1001830]\n\tOrdinal0 [0x00393EDD+999133]\n\tOrdinal0 [0x00394196+999830]\n\tOrdinal0 [0x00393A85+998021]\n\tOrdinal0 [0x0039C733+1034035]\n\tOrdinal0 [0x00393A41+997953]\n\tOrdinal0 [0x00394966+1001830]\n\tOrdinal0 [0x00393EDD+999133]\n\tOrdinal0 [0x00394196+999830]\n\tOrdinal0 [0x00393A85+998021]\n\tOrdinal0 [0x0039A579+1025401]\n\tOrdinal0 [0x00393A41+997953]\n\tOrdinal0 [0x00394966+1001830]\n\tOrdinal0 [0x00393EDD+999133]\n\tOrdinal0 [0x00394196+999830]\n\tOrdinal0 [0x00393A85+998021]\n\tOrdinal0 [0x003998FC+1022204]\n\tOrdinal0 [0x00393A41+997953]\n\tOrdinal0 [0x00394966+1001830]\n\tOrdinal0 [0x00393EDD+999133]\n\tOrdinal0 [0x00394196+999830]\n\tOrdinal0 [0x00393A85+998021]\n\tOrdinal0 [0x0038F72D+980781]\n\tOrdinal0 [0x00393A41+997953]\n\tOrdinal0 [0x003937E0+997344]\n\tOrdinal0 [0x00393589+996745]\n\tOrdinal0 [0x003A3820+1062944]\n\tOrdinal0 [0x003EAED9+1355481]\n\tOrdinal0 [0x003E9B7A+1350522]\n\tOrdinal0 [0x003E580B+1333259]\n\tOrdinal0 [0x003C2314+1188628]\n\tOrdinal0 [0x003C316F+1192303]\n\tGetHandleVerifier [0x00687BF6+1548950]\n\tGetHandleVerifier [0x0073461C+2256060]\n\tGetHandleVerifier [0x0058C13B+518107]\n\tGetHandleVerifier [0x0058B1E0+514176]\n\tOrdinal0 [0x0049F53D+2094397]\n\tOrdinal0 [0x004A3418+2110488]\n\tOrdinal0 [0x004A3552+2110802]\n\tOrdinal0 [0x004ACE81+2150017]\n\tBaseThreadInitThunk [0x76F8FA29+25]\n\tRtlGetAppContainerNamedObjectPath [0x77837A9E+286]\n\tRtlGetAppContainerNamedObjectPath [0x77837A6E+238]\n\r\n\tat java.base/jdk.internal.reflect.NativeConstructorAccessorImpl.newInstance0(Native Method)\r\n\tat java.base/jdk.internal.reflect.NativeConstructorAccessorImpl.newInstance(NativeConstructorAccessorImpl.java:62)\r\n\tat java.base/jdk.internal.reflect.DelegatingConstructorAccessorImpl.newInstance(DelegatingConstructorAccessorImpl.java:45)\r\n\tat java.base/java.lang.reflect.Constructor.newInstance(Constructor.java:490)\r\n\tat org.openqa.selenium.remote.W3CHandshakeResponse.lambda$errorHandler$0(W3CHandshakeResponse.java:62)\r\n\tat org.openqa.selenium.remote.HandshakeResponse.lambda$getResponseFunction$0(HandshakeResponse.java:30)\r\n\tat org.openqa.selenium.remote.ProtocolHandshake.lambda$createSession$0(ProtocolHandshake.java:126)\r\n\tat java.base/java.util.stream.ReferencePipeline$3$1.accept(ReferencePipeline.java:195)\r\n\tat java.base/java.util.Spliterators$ArraySpliterator.tryAdvance(Spliterators.java:958)\r\n\tat java.base/java.util.stream.ReferencePipeline.forEachWithCancel(ReferencePipeline.java:127)\r\n\tat java.base/java.util.stream.AbstractPipeline.copyIntoWithCancel(AbstractPipeline.java:502)\r\n\tat java.base/java.util.stream.AbstractPipeline.copyInto(AbstractPipeline.java:488)\r\n\tat java.base/java.util.stream.AbstractPipeline.wrapAndCopyInto(AbstractPipeline.java:474)\r\n\tat java.base/java.util.stream.FindOps$FindOp.evaluateSequential(FindOps.java:150)\r\n\tat java.base/java.util.stream.AbstractPipeline.evaluate(AbstractPipeline.java:234)\r\n\tat java.base/java.util.stream.ReferencePipeline.findFirst(ReferencePipeline.java:543)\r\n\tat org.openqa.selenium.remote.ProtocolHandshake.createSession(ProtocolHandshake.java:128)\r\n\tat org.openqa.selenium.remote.ProtocolHandshake.createSession(ProtocolHandshake.java:74)\r\n\tat org.openqa.selenium.remote.HttpCommandExecutor.execute(HttpCommandExecutor.java:136)\r\n\tat org.openqa.selenium.remote.service.DriverCommandExecutor.execute(DriverCommandExecutor.java:83)\r\n\tat org.openqa.selenium.remote.RemoteWebDriver.execute(RemoteWebDriver.java:552)\r\n\tat org.openqa.selenium.remote.RemoteWebDriver.startSession(RemoteWebDriver.java:213)\r\n\tat org.openqa.selenium.remote.RemoteWebDriver.\u003cinit\u003e(RemoteWebDriver.java:131)\r\n\tat org.openqa.selenium.chrome.ChromeDriver.\u003cinit\u003e(ChromeDriver.java:181)\r\n\tat org.openqa.selenium.chrome.ChromeDriver.\u003cinit\u003e(ChromeDriver.java:168)\r\n\tat org.openqa.selenium.chrome.ChromeDriver.\u003cinit\u003e(ChromeDriver.java:123)\r\n\tat com.tau.config.WebDriverFactory$1.create(WebDriverFactory.java:15)\r\n\tat com.tau.steps.LoginSteps.lambda$new$0(LoginSteps.java:24)\r\n\tat ✽.I am in the login page of the Para Bank Application(file:///C:/CucumberParaBankTests/ta_selenium_basics_cucumber/src/test/resources/Login.feature:12)\r\n",
              "duration": 82504688800,
              "status": "failed"
            },
            "line": 12,
            "name": "I am in the login page of the Para Bank Application",
            "match": {
              "location": "com.tau.steps.LoginSteps.\u003cinit\u003e(LoginSteps.java:23)"
            },
            "keyword": "Given "
          },
          {
            "result": {
              "duration": 997500,
              "status": "skipped"
            },
            "line": 13,
            "name": "I enter valid \"autotester\" and \"password\"",
            "match": {
              "arguments": [
                {
                  "val": "\"autotester\"",
                  "offset": 14
                },
                {
                  "val": "\"password\"",
                  "offset": 31
                }
              ],
              "location": "com.tau.steps.LoginSteps.\u003cinit\u003e(LoginSteps.java:29)"
            },
            "keyword": "When "
          },
          {
            "result": {
              "duration": 2999000,
              "status": "skipped"
            },
            "line": 14,
            "name": "click login",
            "match": {
              "location": "com.tau.steps.LoginSteps.\u003cinit\u003e(LoginSteps.java:37)"
            },
            "keyword": "And "
          },
          {
            "result": {
              "duration": 1999500,
              "status": "skipped"
            },
            "line": 15,
            "name": "I should be taken to the Overview page",
            "match": {
              "location": "com.tau.steps.LoginSteps.\u003cinit\u003e(LoginSteps.java:42)"
            },
            "keyword": "Then "
          }
        ],
        "tags": [
          {
            "name": "@login"
          }
        ]
      },
      {
        "start_timestamp": "2021-11-13T13:00:45.924Z",
        "line": 20,
        "name": "Login Successful scenario outline",
        "description": "",
        "id": "login-functionality;login-successful-scenario-outline;;3",
        "type": "scenario",
        "keyword": "Scenario Outline",
        "steps": [
          {
            "result": {
              "duration": 7854190900,
              "status": "passed"
            },
            "line": 12,
            "name": "I am in the login page of the Para Bank Application",
            "match": {
              "location": "com.tau.steps.LoginSteps.\u003cinit\u003e(LoginSteps.java:23)"
            },
            "keyword": "Given "
          },
          {
            "result": {
              "duration": 472482100,
              "status": "passed"
            },
            "line": 13,
            "name": "I enter valid \"tautester\" and \"password\"",
            "match": {
              "arguments": [
                {
                  "val": "\"tautester\"",
                  "offset": 14
                },
                {
                  "val": "\"password\"",
                  "offset": 30
                }
              ],
              "location": "com.tau.steps.LoginSteps.\u003cinit\u003e(LoginSteps.java:29)"
            },
            "keyword": "When "
          },
          {
            "result": {
              "duration": 1546904000,
              "status": "passed"
            },
            "line": 14,
            "name": "click login",
            "match": {
              "location": "com.tau.steps.LoginSteps.\u003cinit\u003e(LoginSteps.java:37)"
            },
            "keyword": "And "
          },
          {
            "result": {
              "duration": 216572400,
              "status": "passed"
            },
            "line": 15,
            "name": "I should be taken to the Overview page",
            "match": {
              "location": "com.tau.steps.LoginSteps.\u003cinit\u003e(LoginSteps.java:42)"
            },
            "keyword": "Then "
          }
        ],
        "tags": [
          {
            "name": "@login"
          }
        ]
      },
      {
        "start_timestamp": "2021-11-13T13:00:56.090Z",
        "line": 21,
        "name": "Login Successful scenario outline",
        "description": "",
        "id": "login-functionality;login-successful-scenario-outline;;4",
        "type": "scenario",
        "keyword": "Scenario Outline",
        "steps": [
          {
            "result": {
              "duration": 4664118800,
              "status": "passed"
            },
            "line": 12,
            "name": "I am in the login page of the Para Bank Application",
            "match": {
              "location": "com.tau.steps.LoginSteps.\u003cinit\u003e(LoginSteps.java:23)"
            },
            "keyword": "Given "
          },
          {
            "result": {
              "status": "undefined"
            },
            "line": 13,
            "name": "I enter valid dan and test",
            "match": {},
            "keyword": "When "
          },
          {
            "result": {
              "duration": 999200,
              "status": "skipped"
            },
            "line": 14,
            "name": "click login",
            "match": {
              "location": "com.tau.steps.LoginSteps.\u003cinit\u003e(LoginSteps.java:37)"
            },
            "keyword": "And "
          },
          {
            "result": {
              "duration": 998600,
              "status": "skipped"
            },
            "line": 15,
            "name": "I should be taken to the Overview page",
            "match": {
              "location": "com.tau.steps.LoginSteps.\u003cinit\u003e(LoginSteps.java:42)"
            },
            "keyword": "Then "
          }
        ],
        "tags": [
          {
            "name": "@login"
          }
        ]
      },
      {
        "start_timestamp": "2021-11-13T13:01:00.790Z",
        "line": 26,
        "name": "Login Successful - Inline Parameters",
        "description": "",
        "id": "login-functionality;login-successful---inline-parameters",
        "type": "scenario",
        "keyword": "Scenario",
        "steps": [
          {
            "result": {
              "duration": 4952168000,
              "status": "passed"
            },
            "line": 28,
            "name": "I am in the login page of the Para Bank Application",
            "match": {
              "location": "com.tau.steps.LoginSteps.\u003cinit\u003e(LoginSteps.java:23)"
            },
            "keyword": "Given "
          },
          {
            "result": {
              "duration": 2051098000,
              "status": "passed"
            },
            "line": 29,
            "name": "I enter valid credentials username \"dan\" and password \"test\"",
            "match": {
              "arguments": [
                {
                  "val": "\"dan\"",
                  "offset": 35
                },
                {
                  "val": "\"test\"",
                  "offset": 54
                }
              ],
              "location": "com.tau.steps.LoginSteps.\u003cinit\u003e(LoginSteps.java:53)"
            },
            "keyword": "When "
          },
          {
            "result": {
              "error_message": "org.openqa.selenium.NoSuchElementException: no such element: Unable to locate element: {\"method\":\"css selector\",\"selector\":\"div.login \u003e input.button\"}\n  (Session info: chrome\u003d95.0.4638.69)\nFor documentation on this error, please visit: https://www.seleniumhq.org/exceptions/no_such_element.html\nBuild info: version: \u00273.141.59\u0027, revision: \u0027e82be7d358\u0027, time: \u00272018-11-14T08:17:03\u0027\nSystem info: host: \u0027DESKTOP-5F9RKDF\u0027, ip: \u0027192.168.1.7\u0027, os.name: \u0027Windows 10\u0027, os.arch: \u0027amd64\u0027, os.version: \u002710.0\u0027, java.version: \u002711.0.3\u0027\nDriver info: org.openqa.selenium.chrome.ChromeDriver\nCapabilities {acceptInsecureCerts: false, browserName: chrome, browserVersion: 95.0.4638.69, chrome: {chromedriverVersion: 95.0.4638.69 (6a1600ed572fe..., userDataDir: C:\\Users\\Dell\\AppData\\Local...}, goog:chromeOptions: {debuggerAddress: localhost:53818}, javascriptEnabled: true, networkConnectionEnabled: false, pageLoadStrategy: normal, platform: WINDOWS, platformName: WINDOWS, proxy: Proxy(), setWindowRect: true, strictFileInteractability: false, timeouts: {implicit: 0, pageLoad: 300000, script: 30000}, unhandledPromptBehavior: dismiss and notify, webauthn:extension:credBlob: true, webauthn:extension:largeBlob: true, webauthn:virtualAuthenticators: true}\nSession ID: 14e13b69651e633ae443d1c4c6ec32cd\n*** Element info: {Using\u003dcss selector, value\u003ddiv.login \u003e input.button}\r\n\tat java.base/jdk.internal.reflect.NativeConstructorAccessorImpl.newInstance0(Native Method)\r\n\tat java.base/jdk.internal.reflect.NativeConstructorAccessorImpl.newInstance(NativeConstructorAccessorImpl.java:62)\r\n\tat java.base/jdk.internal.reflect.DelegatingConstructorAccessorImpl.newInstance(DelegatingConstructorAccessorImpl.java:45)\r\n\tat java.base/java.lang.reflect.Constructor.newInstance(Constructor.java:490)\r\n\tat org.openqa.selenium.remote.http.W3CHttpResponseCodec.createException(W3CHttpResponseCodec.java:187)\r\n\tat org.openqa.selenium.remote.http.W3CHttpResponseCodec.decode(W3CHttpResponseCodec.java:122)\r\n\tat org.openqa.selenium.remote.http.W3CHttpResponseCodec.decode(W3CHttpResponseCodec.java:49)\r\n\tat org.openqa.selenium.remote.HttpCommandExecutor.execute(HttpCommandExecutor.java:158)\r\n\tat org.openqa.selenium.remote.service.DriverCommandExecutor.execute(DriverCommandExecutor.java:83)\r\n\tat org.openqa.selenium.remote.RemoteWebDriver.execute(RemoteWebDriver.java:552)\r\n\tat org.openqa.selenium.remote.RemoteWebDriver.findElement(RemoteWebDriver.java:323)\r\n\tat org.openqa.selenium.remote.RemoteWebDriver.findElementByCssSelector(RemoteWebDriver.java:420)\r\n\tat org.openqa.selenium.By$ByCssSelector.findElement(By.java:431)\r\n\tat org.openqa.selenium.remote.RemoteWebDriver.findElement(RemoteWebDriver.java:315)\r\n\tat org.openqa.selenium.support.pagefactory.DefaultElementLocator.findElement(DefaultElementLocator.java:69)\r\n\tat org.openqa.selenium.support.pagefactory.internal.LocatingElementHandler.invoke(LocatingElementHandler.java:38)\r\n\tat com.sun.proxy.$Proxy12.click(Unknown Source)\r\n\tat com.tau.page.HomePage.clickLoginButton(HomePage.java:42)\r\n\tat com.tau.steps.LoginSteps.lambda$new$2(LoginSteps.java:38)\r\n\tat ✽.click login(file:///C:/CucumberParaBankTests/ta_selenium_basics_cucumber/src/test/resources/Login.feature:30)\r\n",
              "duration": 33968300,
              "status": "failed"
            },
            "line": 30,
            "name": "click login",
            "match": {
              "location": "com.tau.steps.LoginSteps.\u003cinit\u003e(LoginSteps.java:37)"
            },
            "keyword": "And "
          },
          {
            "result": {
              "duration": 999300,
              "status": "skipped"
            },
            "line": 31,
            "name": "I should be taken to the Overview page",
            "match": {
              "location": "com.tau.steps.LoginSteps.\u003cinit\u003e(LoginSteps.java:42)"
            },
            "keyword": "Then "
          }
        ],
        "tags": [
          {
            "name": "@login"
          }
        ]
      },
      {
        "start_timestamp": "2021-11-13T13:01:07.851Z",
        "line": 33,
        "name": "Login Unsuccessful",
        "description": "",
        "id": "login-functionality;login-unsuccessful",
        "type": "scenario",
        "keyword": "Scenario",
        "steps": [
          {
            "result": {
              "duration": 5307046700,
              "status": "passed"
            },
            "line": 35,
            "name": "I am in the login page of the Para Bank Application",
            "match": {
              "location": "com.tau.steps.LoginSteps.\u003cinit\u003e(LoginSteps.java:23)"
            },
            "keyword": "Given "
          },
          {
            "result": {
              "duration": 2132531800,
              "status": "passed"
            },
            "line": 36,
            "name": "I enter invalid credentials username \"autotester\" and password \"password\"",
            "match": {
              "arguments": [
                {
                  "val": "\"autotester\"",
                  "offset": 37
                },
                {
                  "val": "\"password\"",
                  "offset": 63
                }
              ],
              "location": "com.tau.steps.LoginSteps.\u003cinit\u003e(LoginSteps.java:60)"
            },
            "keyword": "When "
          },
          {
            "result": {
              "error_message": "org.openqa.selenium.NoSuchElementException: no such element: Unable to locate element: {\"method\":\"css selector\",\"selector\":\"div.login \u003e input.button\"}\n  (Session info: chrome\u003d95.0.4638.69)\nFor documentation on this error, please visit: https://www.seleniumhq.org/exceptions/no_such_element.html\nBuild info: version: \u00273.141.59\u0027, revision: \u0027e82be7d358\u0027, time: \u00272018-11-14T08:17:03\u0027\nSystem info: host: \u0027DESKTOP-5F9RKDF\u0027, ip: \u0027192.168.1.7\u0027, os.name: \u0027Windows 10\u0027, os.arch: \u0027amd64\u0027, os.version: \u002710.0\u0027, java.version: \u002711.0.3\u0027\nDriver info: org.openqa.selenium.chrome.ChromeDriver\nCapabilities {acceptInsecureCerts: false, browserName: chrome, browserVersion: 95.0.4638.69, chrome: {chromedriverVersion: 95.0.4638.69 (6a1600ed572fe..., userDataDir: C:\\Users\\Dell\\AppData\\Local...}, goog:chromeOptions: {debuggerAddress: localhost:53838}, javascriptEnabled: true, networkConnectionEnabled: false, pageLoadStrategy: normal, platform: WINDOWS, platformName: WINDOWS, proxy: Proxy(), setWindowRect: true, strictFileInteractability: false, timeouts: {implicit: 0, pageLoad: 300000, script: 30000}, unhandledPromptBehavior: dismiss and notify, webauthn:extension:credBlob: true, webauthn:extension:largeBlob: true, webauthn:virtualAuthenticators: true}\nSession ID: e4573d5541f6408c784e4de63943ff9f\n*** Element info: {Using\u003dcss selector, value\u003ddiv.login \u003e input.button}\r\n\tat java.base/jdk.internal.reflect.NativeConstructorAccessorImpl.newInstance0(Native Method)\r\n\tat java.base/jdk.internal.reflect.NativeConstructorAccessorImpl.newInstance(NativeConstructorAccessorImpl.java:62)\r\n\tat java.base/jdk.internal.reflect.DelegatingConstructorAccessorImpl.newInstance(DelegatingConstructorAccessorImpl.java:45)\r\n\tat java.base/java.lang.reflect.Constructor.newInstance(Constructor.java:490)\r\n\tat org.openqa.selenium.remote.http.W3CHttpResponseCodec.createException(W3CHttpResponseCodec.java:187)\r\n\tat org.openqa.selenium.remote.http.W3CHttpResponseCodec.decode(W3CHttpResponseCodec.java:122)\r\n\tat org.openqa.selenium.remote.http.W3CHttpResponseCodec.decode(W3CHttpResponseCodec.java:49)\r\n\tat org.openqa.selenium.remote.HttpCommandExecutor.execute(HttpCommandExecutor.java:158)\r\n\tat org.openqa.selenium.remote.service.DriverCommandExecutor.execute(DriverCommandExecutor.java:83)\r\n\tat org.openqa.selenium.remote.RemoteWebDriver.execute(RemoteWebDriver.java:552)\r\n\tat org.openqa.selenium.remote.RemoteWebDriver.findElement(RemoteWebDriver.java:323)\r\n\tat org.openqa.selenium.remote.RemoteWebDriver.findElementByCssSelector(RemoteWebDriver.java:420)\r\n\tat org.openqa.selenium.By$ByCssSelector.findElement(By.java:431)\r\n\tat org.openqa.selenium.remote.RemoteWebDriver.findElement(RemoteWebDriver.java:315)\r\n\tat org.openqa.selenium.support.pagefactory.DefaultElementLocator.findElement(DefaultElementLocator.java:69)\r\n\tat org.openqa.selenium.support.pagefactory.internal.LocatingElementHandler.invoke(LocatingElementHandler.java:38)\r\n\tat com.sun.proxy.$Proxy12.click(Unknown Source)\r\n\tat com.tau.page.HomePage.clickLoginButton(HomePage.java:42)\r\n\tat com.tau.steps.LoginSteps.lambda$new$2(LoginSteps.java:38)\r\n\tat ✽.click login(file:///C:/CucumberParaBankTests/ta_selenium_basics_cucumber/src/test/resources/Login.feature:37)\r\n",
              "duration": 22978300,
              "status": "failed"
            },
            "line": 37,
            "name": "click login",
            "match": {
              "location": "com.tau.steps.LoginSteps.\u003cinit\u003e(LoginSteps.java:37)"
            },
            "keyword": "And "
          },
          {
            "result": {
              "duration": 1000000,
              "status": "skipped"
            },
            "line": 38,
            "name": "I should not be taken to the Overview page",
            "match": {
              "location": "com.tau.steps.LoginSteps.\u003cinit\u003e(LoginSteps.java:67)"
            },
            "keyword": "Then "
          }
        ],
        "tags": [
          {
            "name": "@login"
          }
        ]
      }
    ],
    "name": "Login Functionality",
    "description": "  In order to do internet banking\n  As a valid Para Bank customer\n  I want to login successfully",
    "id": "login-functionality",
    "keyword": "Feature",
    "uri": "file:src/test/resources/Login.feature",
    "tags": [
      {
        "name": "@login",
        "type": "Tag",
        "location": {
          "line": 1,
          "column": 1
        }
      }
    ]
  },
  {
    "line": 1,
    "elements": [
      {
        "line": 7,
        "name": "",
        "description": "",
        "type": "background",
        "keyword": "Background",
        "steps": [
          {
            "result": {
              "duration": 5030335300,
              "status": "passed"
            },
            "line": 8,
            "name": "I am in the login page of the Para Bank Application",
            "match": {
              "location": "com.tau.steps.LoginSteps.\u003cinit\u003e(LoginSteps.java:23)"
            },
            "keyword": "Given "
          }
        ]
      },
      {
        "start_timestamp": "2021-11-13T13:01:15.353Z",
        "line": 12,
        "name": "Register Successful",
        "description": "",
        "id": "register-functionality;register-successful",
        "type": "scenario",
        "keyword": "Scenario",
        "steps": [
          {
            "result": {
              "error_message": "java.lang.NullPointerException\r\n\tat java.base/java.util.Objects.requireNonNull(Objects.java:221)\r\n\tat org.openqa.selenium.support.ui.FluentWait.\u003cinit\u003e(FluentWait.java:106)\r\n\tat org.openqa.selenium.support.ui.WebDriverWait.\u003cinit\u003e(WebDriverWait.java:85)\r\n\tat org.openqa.selenium.support.ui.WebDriverWait.\u003cinit\u003e(WebDriverWait.java:64)\r\n\tat com.tau.page.PageObject.\u003cinit\u003e(PageObject.java:18)\r\n\tat com.tau.page.HomePage.\u003cinit\u003e(HomePage.java:25)\r\n\tat com.tau.steps.RegisterSteps.lambda$new$0(RegisterSteps.java:32)\r\n\tat ✽.I click register on the left menu(file:///C:/CucumberParaBankTests/ta_selenium_basics_cucumber/src/test/resources/Register.feature:14)\r\n",
              "duration": 4995300,
              "status": "failed"
            },
            "line": 14,
            "name": "I click register on the left menu",
            "match": {
              "location": "com.tau.steps.RegisterSteps.\u003cinit\u003e(RegisterSteps.java:30)"
            },
            "keyword": "When "
          },
          {
            "result": {
              "duration": 2998400,
              "status": "skipped"
            },
            "line": 15,
            "name": "I fill form",
            "match": {
              "location": "com.tau.steps.RegisterSteps.\u003cinit\u003e(RegisterSteps.java:38)"
            },
            "rows": [
              {
                "cells": [
                  "First Name",
                  "Last Name",
                  "Address",
                  "City",
                  "Zip Code",
                  "\"Phone",
                  "SSN",
                  "Username",
                  "Password",
                  "Confirm"
                ]
              },
              {
                "cells": [
                  "test",
                  "test",
                  "test",
                  "test",
                  "test",
                  "test",
                  "test",
                  "dan",
                  "test",
                  "test"
                ]
              }
            ],
            "keyword": "And "
          },
          {
            "result": {
              "duration": 999800,
              "status": "skipped"
            },
            "line": 18,
            "name": "I click register button in the form",
            "match": {
              "location": "com.tau.steps.RegisterSteps.\u003cinit\u003e(RegisterSteps.java:68)"
            },
            "keyword": "And "
          },
          {
            "result": {
              "duration": 998600,
              "status": "skipped"
            },
            "line": 19,
            "name": "you can see text \"Welcome dan\" and \"Your account was created successfully. You are now logged in\"",
            "match": {
              "arguments": [
                {
                  "val": "\"Welcome dan\"",
                  "offset": 17
                },
                {
                  "val": "\"Your account was created successfully. You are now logged in\"",
                  "offset": 35
                }
              ],
              "location": "com.tau.steps.RegisterSteps.\u003cinit\u003e(RegisterSteps.java:74)"
            },
            "keyword": "Then "
          }
        ],
        "tags": [
          {
            "name": "@Register"
          }
        ]
      }
    ],
    "name": "Register Functionality",
    "description": "  In order to do internet banking\n  As a valid Para Bank customer\n  I want to register account successfully",
    "id": "register-functionality",
    "keyword": "Feature",
    "uri": "file:src/test/resources/Register.feature",
    "tags": []
  },
  {
    "line": 1,
    "elements": [
      {
        "start_timestamp": "2021-11-13T13:01:20.421Z",
        "line": 4,
        "name": "clicking home icon",
        "description": "",
        "id": "welcome-to-parabank---checking-if-button-/-are-clickable;clicking-home-icon",
        "type": "scenario",
        "keyword": "Scenario",
        "steps": [
          {
            "result": {
              "duration": 5038184400,
              "status": "passed"
            },
            "line": 8,
            "name": "I am in the login page of the Para Bank Application",
            "match": {
              "location": "com.tau.steps.LoginSteps.\u003cinit\u003e(LoginSteps.java:23)"
            },
            "keyword": "Given "
          },
          {
            "result": {
              "status": "undefined"
            },
            "line": 10,
            "name": "I click home icon",
            "match": {},
            "keyword": "When "
          },
          {
            "result": {
              "status": "undefined"
            },
            "line": 12,
            "name": "I can move back to main page",
            "match": {},
            "keyword": "Then "
          },
          {
            "result": {
              "status": "undefined"
            },
            "line": 14,
            "name": "Page is reload",
            "match": {},
            "keyword": "And "
          }
        ]
      },
      {
        "start_timestamp": "2021-11-13T13:01:25.482Z",
        "line": 17,
        "name": "clicking parent with child icon",
        "description": "",
        "id": "welcome-to-parabank---checking-if-button-/-are-clickable;clicking-parent-with-child-icon",
        "type": "scenario",
        "keyword": "Scenario",
        "steps": [
          {
            "result": {
              "duration": 6091352300,
              "status": "passed"
            },
            "line": 19,
            "name": "I am in the login page of the Para Bank Application",
            "match": {
              "location": "com.tau.steps.LoginSteps.\u003cinit\u003e(LoginSteps.java:23)"
            },
            "keyword": "Given "
          },
          {
            "result": {
              "status": "undefined"
            },
            "line": 21,
            "name": "I click parent with child icon",
            "match": {},
            "keyword": "When "
          },
          {
            "result": {
              "status": "undefined"
            },
            "line": 23,
            "name": "I can see ParaSoft Demo Website title",
            "match": {},
            "keyword": "Then "
          }
        ]
      },
      {
        "start_timestamp": "2021-11-13T13:01:31.588Z",
        "line": 25,
        "name": "clicking envelop icon",
        "description": "",
        "id": "welcome-to-parabank---checking-if-button-/-are-clickable;clicking-envelop-icon",
        "type": "scenario",
        "keyword": "Scenario",
        "steps": [
          {
            "result": {
              "duration": 4972262100,
              "status": "passed"
            },
            "line": 27,
            "name": "I am in the login page of the Para Bank Application",
            "match": {
              "location": "com.tau.steps.LoginSteps.\u003cinit\u003e(LoginSteps.java:23)"
            },
            "keyword": "Given "
          },
          {
            "result": {
              "status": "undefined"
            },
            "line": 29,
            "name": "I click envelop icon",
            "match": {},
            "keyword": "When "
          },
          {
            "result": {
              "status": "undefined"
            },
            "line": 31,
            "name": "I can see  Customer Care title",
            "match": {},
            "keyword": "Then "
          },
          {
            "result": {
              "status": "undefined"
            },
            "line": 33,
            "name": "Customer Care form to fill form",
            "match": {},
            "keyword": "And "
          }
        ]
      }
    ],
    "name": "Welcome to ParaBank - checking if button / are clickable",
    "description": "",
    "id": "welcome-to-parabank---checking-if-button-/-are-clickable",
    "keyword": "Feature",
    "uri": "file:src/test/resources/WelcomeToParaBank.feature",
    "tags": []
  }
]